<?xml version="1.0" encoding="UTF-8"?>
<testng-results ignored="0" total="2" passed="2" failed="0" skipped="0">
  <reporter-output>
  </reporter-output>
  <suite started-at="2023-03-19T13:05:34 PDT" name="Default suite" finished-at="2023-03-19T13:05:38 PDT" duration-ms="3921">
    <groups>
    </groups>
    <test started-at="2023-03-19T13:05:34 PDT" name="Default test" finished-at="2023-03-19T13:05:38 PDT" duration-ms="3921">
      <class name="TestNG.AnnotationsExample">
        <test-method signature="LaunchApplication()[pri:0, instance:TestNG.AnnotationsExample@4df50bcc]" started-at="2023-03-19T13:05:34 PDT" name="LaunchApplication" finished-at="2023-03-19T13:05:37 PDT" duration-ms="2759" status="PASS">
          <reporter-output>
          </reporter-output>
        </test-method> <!-- LaunchApplication -->
        <test-method signature="facebook()[pri:0, instance:TestNG.AnnotationsExample@4df50bcc]" started-at="2023-03-19T13:05:37 PDT" name="facebook" finished-at="2023-03-19T13:05:38 PDT" duration-ms="1150" status="PASS">
          <reporter-output>
          </reporter-output>
        </test-method> <!-- facebook -->
      </class> <!-- TestNG.AnnotationsExample -->
    </test> <!-- Default test -->
  </suite> <!-- Default suite -->
</testng-results>
